<?xml version="1.0" encoding="UTF-8"?>
<!-- Generated by org.testng.reporters.JUnitReportReporter -->
<testsuite hostname="Aigerims-MacBook-Pro.local" failures="0" tests="4" name="api.test.UserTests" time="4.938" errors="0" timestamp="2023-06-08T12:27:15 KGT" skipped="0">
  <testcase classname="api.test.UserTests" name="testPostUser" time="0.986"/>
  <testcase classname="api.test.UserTests" name="testGetUserByName" time="0.992"/>
  <testcase classname="api.test.UserTests" name="testUpdateUserByName" time="1.980"/>
  <testcase classname="api.test.UserTests" name="testDeleteUserByName" time="0.980"/>
</testsuite> <!-- api.test.UserTests -->
