<?xml version="1.0" encoding="UTF-8"?>
<!-- Generated by org.testng.reporters.JUnitReportReporter -->
<testsuite hostname="Aigerims-MacBook-Pro.local" failures="0" tests="6" name="api.test.DataDrivenTests" time="7.829" errors="0" timestamp="2023-06-08T12:27:15 KGT" skipped="0">
  <testcase classname="api.test.DataDrivenTests" name="testPostUser" time="2.126"/>
  <testcase classname="api.test.DataDrivenTests" name="testPostUser" time="0.974"/>
  <testcase classname="api.test.DataDrivenTests" name="testPostUser" time="1.811"/>
  <testcase classname="api.test.DataDrivenTests" name="testDeleteUserByName" time="0.973"/>
  <testcase classname="api.test.DataDrivenTests" name="testDeleteUserByName" time="0.980"/>
  <testcase classname="api.test.DataDrivenTests" name="testDeleteUserByName" time="0.965"/>
</testsuite> <!-- api.test.DataDrivenTests -->
