<?xml version="1.0" encoding="UTF-8"?>
<!-- Generated by org.testng.reporters.JUnitReportReporter -->
<testsuite hostname="Aigerims-MacBook-Pro.local" failures="0" tests="4" name="api.test.UserTestsProps" time="4.885" errors="0" timestamp="2023-06-08T12:27:15 KGT" skipped="0">
  <testcase classname="api.test.UserTestsProps" name="testPostUser" time="0.972"/>
  <testcase classname="api.test.UserTestsProps" name="testGetUserByName" time="0.977"/>
  <testcase classname="api.test.UserTestsProps" name="testUpdateUserByName" time="1.957"/>
  <testcase classname="api.test.UserTestsProps" name="testDeleteUserByName" time="0.979"/>
</testsuite> <!-- api.test.UserTestsProps -->
